  Camera.cpp
  d3dUtil.cpp
  DXApp.cpp
  FlatPlane.cpp
  GameTimer.cpp
  GraphicObject_Base.cpp
  GraphicObject_Color.cpp
  GraphicObject_ColorLight.cpp
  GraphicObject_Texture.cpp
  GraphicObject_TextureLight.cpp
  MeshSeparator.cpp
  Mirror.cpp
  Model.cpp
  ModelTools.cpp
  ShaderBase.cpp
  ShaderColor.cpp
  ShaderColorLight.cpp
  ShaderTexture.cpp
  ShaderTextureLight.cpp
  Skybox.cpp
  Generating Code...
  Compiling...
  TerrainModel.cpp
C:\Users\veneg\OneDrive\Documents\GAM 370\berthiaume2022winter_gam370\student\kvenega2\Final\Final Scene\src\TerrainModel.cpp(39,31): warning C4244: 'argument': conversion from 'float' to 'int', possible loss of data
C:\Users\veneg\OneDrive\Documents\GAM 370\berthiaume2022winter_gam370\student\kvenega2\Final\Final Scene\src\TerrainModel.cpp(39,28): warning C4244: 'argument': conversion from 'float' to 'int', possible loss of data
C:\Users\veneg\OneDrive\Documents\GAM 370\berthiaume2022winter_gam370\student\kvenega2\Final\Final Scene\src\TerrainModel.cpp(39,23): warning C4244: 'argument': conversion from 'float' to 'int', possible loss of data
C:\Users\veneg\OneDrive\Documents\GAM 370\berthiaume2022winter_gam370\student\kvenega2\Final\Final Scene\src\TerrainModel.cpp(41,55): warning C4244: 'argument': conversion from 'float' to 'int', possible loss of data
C:\Users\veneg\OneDrive\Documents\GAM 370\berthiaume2022winter_gam370\student\kvenega2\Final\Final Scene\src\TerrainModel.cpp(41,39): warning C4244: 'argument': conversion from 'float' to 'int', possible loss of data
C:\Users\veneg\OneDrive\Documents\GAM 370\berthiaume2022winter_gam370\student\kvenega2\Final\Final Scene\src\TerrainModel.cpp(56,64): warning C4244: 'argument': conversion from 'float' to 'int', possible loss of data
C:\Users\veneg\OneDrive\Documents\GAM 370\berthiaume2022winter_gam370\student\kvenega2\Final\Final Scene\src\TerrainModel.cpp(56,49): warning C4244: 'argument': conversion from 'float' to 'int', possible loss of data
C:\Users\veneg\OneDrive\Documents\GAM 370\berthiaume2022winter_gam370\student\kvenega2\Final\Final Scene\src\TerrainModel.cpp(56,36): warning C4244: 'argument': conversion from 'float' to 'int', possible loss of data
C:\Users\veneg\OneDrive\Documents\GAM 370\berthiaume2022winter_gam370\student\kvenega2\Final\Final Scene\src\TerrainModel.cpp(57,74): warning C4244: 'argument': conversion from 'float' to 'int', possible loss of data
C:\Users\veneg\OneDrive\Documents\GAM 370\berthiaume2022winter_gam370\student\kvenega2\Final\Final Scene\src\TerrainModel.cpp(57,61): warning C4244: 'argument': conversion from 'float' to 'int', possible loss of data
C:\Users\veneg\OneDrive\Documents\GAM 370\berthiaume2022winter_gam370\student\kvenega2\Final\Final Scene\src\TerrainModel.cpp(57,36): warning C4244: 'argument': conversion from 'float' to 'int', possible loss of data
C:\Users\veneg\OneDrive\Documents\GAM 370\berthiaume2022winter_gam370\student\kvenega2\Final\Final Scene\src\TerrainModel.cpp(61,31): warning C4244: 'argument': conversion from 'float' to 'int', possible loss of data
C:\Users\veneg\OneDrive\Documents\GAM 370\berthiaume2022winter_gam370\student\kvenega2\Final\Final Scene\src\TerrainModel.cpp(61,68): warning C4244: 'argument': conversion from 'float' to 'int', possible loss of data
C:\Users\veneg\OneDrive\Documents\GAM 370\berthiaume2022winter_gam370\student\kvenega2\Final\Final Scene\src\TerrainModel.cpp(62,32): warning C4244: 'argument': conversion from 'float' to 'int', possible loss of data
C:\Users\veneg\OneDrive\Documents\GAM 370\berthiaume2022winter_gam370\student\kvenega2\Final\Final Scene\src\TerrainModel.cpp(62,69): warning C4244: 'argument': conversion from 'float' to 'int', possible loss of data
C:\Users\veneg\OneDrive\Documents\GAM 370\berthiaume2022winter_gam370\student\kvenega2\Final\Final Scene\src\TerrainModel.cpp(63,29): warning C4244: 'argument': conversion from 'float' to 'int', possible loss of data
C:\Users\veneg\OneDrive\Documents\GAM 370\berthiaume2022winter_gam370\student\kvenega2\Final\Final Scene\src\TerrainModel.cpp(63,66): warning C4244: 'argument': conversion from 'float' to 'int', possible loss of data
C:\Users\veneg\OneDrive\Documents\GAM 370\berthiaume2022winter_gam370\student\kvenega2\Final\Final Scene\src\TerrainModel.cpp(64,31): warning C4244: 'argument': conversion from 'float' to 'int', possible loss of data
C:\Users\veneg\OneDrive\Documents\GAM 370\berthiaume2022winter_gam370\student\kvenega2\Final\Final Scene\src\TerrainModel.cpp(64,68): warning C4244: 'argument': conversion from 'float' to 'int', possible loss of data
C:\Users\veneg\OneDrive\Documents\GAM 370\berthiaume2022winter_gam370\student\kvenega2\Final\Final Scene\src\TerrainModel.cpp(65,33): warning C4244: 'argument': conversion from 'float' to 'int', possible loss of data
C:\Users\veneg\OneDrive\Documents\GAM 370\berthiaume2022winter_gam370\student\kvenega2\Final\Final Scene\src\TerrainModel.cpp(65,70): warning C4244: 'argument': conversion from 'float' to 'int', possible loss of data
C:\Users\veneg\OneDrive\Documents\GAM 370\berthiaume2022winter_gam370\student\kvenega2\Final\Final Scene\src\TerrainModel.cpp(66,32): warning C4244: 'argument': conversion from 'float' to 'int', possible loss of data
C:\Users\veneg\OneDrive\Documents\GAM 370\berthiaume2022winter_gam370\student\kvenega2\Final\Final Scene\src\TerrainModel.cpp(66,69): warning C4244: 'argument': conversion from 'float' to 'int', possible loss of data
C:\Users\veneg\OneDrive\Documents\GAM 370\berthiaume2022winter_gam370\student\kvenega2\Final\Final Scene\src\TerrainModel.cpp(68,24): warning C4244: 'argument': conversion from 'float' to 'int', possible loss of data
  Texture.cpp
  MainWindow.cpp
  Generating Code...
  DXApplication.vcxproj -> C:\Users\veneg\OneDrive\Documents\GAM 370\berthiaume2022winter_gam370\student\kvenega2\Final\Final Scene\Debug\DX Application.exe
